<?xml version="1.0" encoding="UTF-8"?>
<!-- Generated by org.testng.reporters.JUnitXMLReporter -->
<testsuite hostname="ALIENWARE15" ignored="0" name="Sanity Tests" tests="6" failures="0" timestamp="2020-04-08T18:15:03 IST" time="0.009" errors="0">
  <testcase name="LoginbyEmail" time="0.0" classname="batchTesting.LoginTest"/>
  <testcase name="LoginbyFacebook" time="0.001" classname="batchTesting.LoginTest"/>
  <testcase name="LoginbyTwitter" time="0.001" classname="batchTesting.LoginTest"/>
  <testcase name="SignUpbyEmail" time="0.0" classname="batchTesting.SignUpTest"/>
  <testcase name="SignUpbyFacebook" time="0.001" classname="batchTesting.SignUpTest"/>
  <testcase name="SignUpbyTwitter" time="0.001" classname="batchTesting.SignUpTest"/>
</testsuite> <!-- Sanity Tests -->
