<?xml version="1.0" encoding="UTF-8"?>
<!-- Generated by org.testng.reporters.JUnitXMLReporter -->
<testsuite hostname="ALIENWARE15" ignored="0" name="Functional Tests" tests="3" failures="0" timestamp="2020-04-08T18:15:03 IST" time="0.043" errors="0">
  <testcase name="PaymentInDollar" time="0.009" classname="batchTesting.PaymentTest"/>
  <testcase name="PaymentInRupees" time="0.001" classname="batchTesting.PaymentTest"/>
  <testcase name="PaymentReturnbyBank" time="0.001" classname="batchTesting.PaymentsReturnsTest"/>
</testsuite> <!-- Functional Tests -->
